SF:lib/src/api/api.dart
DA:3,1
DA:9,2
DA:11,2
DA:14,0
DA:16,0
DA:19,1
DA:23,1
DA:26,1
DA:27,1
DA:31,2
DA:33,1
LF:11
LH:9
end_of_record
SF:lib/src/domain/entities/weather/weather.dart
DA:15,1
DA:16,1
DA:27,1
DA:28,1
DA:40,1
DA:41,1
LF:6
LH:6
end_of_record
SF:lib/src/domain/entities/weather/weather.g.dart
DA:9,1
DA:10,1
DA:11,2
DA:12,2
DA:13,2
DA:16,0
DA:17,0
DA:18,0
DA:19,0
DA:20,0
DA:23,1
DA:24,1
DA:25,1
DA:26,1
DA:27,1
DA:30,0
DA:31,0
DA:32,0
DA:33,0
DA:34,0
DA:37,2
DA:39,2
DA:40,1
DA:41,3
DA:42,1
DA:43,1
DA:46,0
DA:47,0
DA:48,0
DA:49,0
DA:50,0
LF:31
LH:16
end_of_record
SF:lib/src/data/repositories/api_error.dart
DA:18,0
DA:19,0
DA:20,0
DA:22,0
DA:23,0
LF:5
LH:0
end_of_record
SF:lib/src/data/repositories/weather_repository.dart
DA:13,1
DA:18,0
DA:19,0
DA:20,0
DA:23,2
DA:24,2
DA:25,2
DA:28,1
DA:33,2
DA:34,3
DA:35,1
DA:36,1
DA:37,2
DA:38,1
DA:39,1
DA:41,1
DA:46,1
DA:53,0
DA:61,0
DA:62,0
DA:63,0
LF:21
LH:14
end_of_record
SF:lib/main.dart
DA:6,0
DA:7,0
DA:10,0
DA:11,0
DA:15,1
DA:17,0
DA:19,0
DA:20,0
DA:21,0
DA:22,0
DA:28,0
DA:31,0
DA:33,0
LF:13
LH:1
end_of_record
SF:lib/src/presentation/weather_page/weather_page.dart
DA:10,1
DA:13,0
DA:15,0
DA:16,0
DA:17,0
DA:26,0
DA:27,0
LF:7
LH:1
end_of_record
SF:lib/src/domain/entities/forecast/forecast.dart
DA:17,0
DA:18,0
LF:2
LH:0
end_of_record
SF:lib/src/domain/entities/forecast/forecast.g.dart
DA:9,0
DA:10,0
DA:11,0
DA:12,0
DA:15,0
DA:16,0
DA:17,0
LF:7
LH:0
end_of_record
SF:lib/src/domain/entities/forecast/forecast_data.dart
DA:6,0
DA:8,0
DA:9,0
DA:10,0
LF:4
LH:0
end_of_record
SF:lib/src/domain/entities/weather/weather_data.dart
DA:6,0
DA:15,0
DA:16,0
DA:17,0
DA:18,0
DA:19,0
DA:20,0
DA:21,0
DA:22,0
DA:33,0
LF:10
LH:0
end_of_record
SF:lib/src/domain/entities/temperature.dart
DA:2,0
DA:4,0
DA:5,0
DA:7,0
DA:8,0
DA:14,0
LF:6
LH:0
end_of_record
SF:lib/src/presentation/weather_page/city_search_box.dart
DA:5,0
DA:10,1
DA:12,0
DA:13,0
DA:21,0
DA:23,0
DA:24,0
DA:27,0
DA:29,0
DA:30,0
DA:34,0
DA:36,0
DA:38,0
DA:40,0
DA:41,0
DA:42,0
DA:44,0
DA:45,0
DA:57,0
DA:58,0
DA:62,0
DA:63,0
DA:73,0
DA:75,0
DA:76,0
DA:79,0
DA:80,0
DA:81,0
LF:28
LH:1
end_of_record
SF:lib/src/presentation/weather_page/current_weather.dart
DA:10,1
DA:12,0
DA:14,0
DA:15,0
DA:16,0
DA:17,0
DA:19,0
DA:20,0
DA:21,0
DA:22,0
DA:23,0
DA:29,0
DA:37,0
DA:38,0
DA:41,0
DA:43,0
DA:44,0
DA:46,0
DA:47,0
DA:48,0
DA:49,0
DA:50,0
DA:52,0
DA:53,0
DA:54,0
DA:55,0
DA:56,0
DA:57,0
LF:28
LH:1
end_of_record
SF:lib/src/presentation/weather_page/current_weather_controller.dart
DA:9,0
DA:10,0
DA:11,0
DA:17,0
DA:19,0
DA:20,0
DA:21,0
DA:22,0
DA:23,0
DA:28,0
DA:29,0
DA:30,0
DA:31,0
DA:32,0
DA:33,0
DA:34,0
DA:35,0
LF:17
LH:0
end_of_record
SF:lib/src/presentation/weather_page/weather_icon_image.dart
DA:5,0
DA:6,0
DA:10,0
DA:12,0
DA:13,0
DA:14,0
DA:15,0
DA:16,0
DA:17,0
LF:9
LH:0
end_of_record
SF:lib/src/presentation/weather_page/daily_weather.dart
DA:11,1
DA:13,0
DA:15,0
DA:16,0
DA:17,0
DA:19,0
DA:20,0
DA:21,0
DA:22,0
DA:26,0
DA:27,0
DA:33,0
DA:34,0
DA:37,0
DA:39,0
DA:42,0
DA:48,0
DA:51,0
DA:53,0
DA:55,0
DA:56,0
DA:57,0
DA:58,0
DA:59,0
DA:60,0
DA:61,0
DA:64,0
DA:66,0
DA:67,0
DA:68,0
LF:30
LH:1
end_of_record
SF:lib/src/presentation/weather_page/daily_weather_controller.dart
DA:8,0
DA:9,0
DA:10,0
DA:14,0
DA:16,0
DA:17,0
DA:18,0
DA:19,0
DA:20,0
DA:25,0
DA:26,0
DA:27,0
DA:28,0
DA:29,0
LF:14
LH:0
end_of_record
